Thu Jan 11 2018 13:43:17 GMT+0200 (South Africa Standard Time): GET /
Thu Jan 11 2018 13:45:05 GMT+0200 (South Africa Standard Time): GET /
Thu Jan 11 2018 13:46:43 GMT+0200 (South Africa Standard Time): GET /
Thu Jan 11 2018 13:46:59 GMT+0200 (South Africa Standard Time): GET /
Thu Jan 11 2018 13:46:59 GMT+0200 (South Africa Standard Time): GET /
Thu Jan 11 2018 13:47:49 GMT+0200 (South Africa Standard Time): GET /
Thu Jan 11 2018 13:47:54 GMT+0200 (South Africa Standard Time): GET /
Thu Jan 11 2018 13:50:04 GMT+0200 (South Africa Standard Time): GET /
Thu Jan 11 2018 13:52:22 GMT+0200 (South Africa Standard Time): GET /
Thu Jan 11 2018 14:01:08 GMT+0200 (South Africa Standard Time): GET /
Thu Jan 11 2018 14:01:08 GMT+0200 (South Africa Standard Time): GET /
Thu Jan 11 2018 14:01:09 GMT+0200 (South Africa Standard Time): GET /
Thu Jan 11 2018 14:02:58 GMT+0200 (South Africa Standard Time): GET /
Thu Jan 11 2018 14:03:01 GMT+0200 (South Africa Standard Time): GET /
Thu Jan 11 2018 14:04:07 GMT+0200 (South Africa Standard Time): GET /
Thu Jan 11 2018 14:08:52 GMT+0200 (South Africa Standard Time): GET /
Thu Jan 11 2018 14:51:21 GMT+0200 (South Africa Standard Time): GET /
Thu Jan 11 2018 14:51:44 GMT+0200 (South Africa Standard Time): GET /favicon.ico
Thu Jan 11 2018 14:51:50 GMT+0200 (South Africa Standard Time): GET /
Thu Jan 11 2018 14:53:25 GMT+0200 (South Africa Standard Time): GET /
Thu Jan 11 2018 14:53:27 GMT+0200 (South Africa Standard Time): GET /
Thu Jan 11 2018 14:54:25 GMT+0200 (South Africa Standard Time): GET /
Thu Jan 11 2018 15:04:05 GMT+0200 (South Africa Standard Time): GET /
Thu Jan 11 2018 15:12:49 GMT+0200 (South Africa Standard Time): GET /
Thu Jan 11 2018 15:14:10 GMT+0200 (South Africa Standard Time): GET /
Thu Jan 11 2018 15:15:47 GMT+0200 (South Africa Standard Time): GET /
Thu Jan 11 2018 15:20:01 GMT+0200 (South Africa Standard Time): GET /
Thu Jan 11 2018 15:20:50 GMT+0200 (South Africa Standard Time): GET /
Thu Jan 11 2018 15:26:27 GMT+0200 (South Africa Standard Time): GET /
Thu Jan 11 2018 15:26:55 GMT+0200 (South Africa Standard Time): GET /
Thu Jan 11 2018 15:26:58 GMT+0200 (South Africa Standard Time): GET /
Thu Jan 11 2018 15:27:05 GMT+0200 (South Africa Standard Time): GET /
Thu Jan 11 2018 15:29:07 GMT+0200 (South Africa Standard Time): GET /
Thu Jan 11 2018 15:35:53 GMT+0200 (South Africa Standard Time): GET /
Thu Jan 11 2018 15:36:01 GMT+0200 (South Africa Standard Time): POST /users/login
Thu Jan 11 2018 15:36:01 GMT+0200 (South Africa Standard Time): GET /users/login
Thu Jan 11 2018 15:36:49 GMT+0200 (South Africa Standard Time): GET /users/login
Thu Jan 11 2018 15:37:11 GMT+0200 (South Africa Standard Time): GET /
Thu Jan 11 2018 15:37:47 GMT+0200 (South Africa Standard Time): POST /users/login
Thu Jan 11 2018 15:43:10 GMT+0200 (South Africa Standard Time): GET /
Thu Jan 11 2018 15:44:01 GMT+0200 (South Africa Standard Time): POST /users/login
Thu Jan 11 2018 15:46:43 GMT+0200 (South Africa Standard Time): GET /users/login
Thu Jan 11 2018 15:46:59 GMT+0200 (South Africa Standard Time): GET /
Thu Jan 11 2018 15:47:29 GMT+0200 (South Africa Standard Time): POST /users/login
Thu Jan 11 2018 15:49:13 GMT+0200 (South Africa Standard Time): POST /users/login
Thu Jan 11 2018 15:49:49 GMT+0200 (South Africa Standard Time): GET /users/me
Thu Jan 11 2018 16:08:28 GMT+0200 (South Africa Standard Time): DELETE /users/me/token
Thu Jan 11 2018 16:10:45 GMT+0200 (South Africa Standard Time): DELETE /users/me/token
Thu Jan 11 2018 16:11:21 GMT+0200 (South Africa Standard Time): POST /users/login
Thu Jan 11 2018 16:12:15 GMT+0200 (South Africa Standard Time): DELETE /users/me/token
Thu Jan 11 2018 16:13:09 GMT+0200 (South Africa Standard Time): DELETE /users/me/token
Thu Jan 11 2018 16:13:20 GMT+0200 (South Africa Standard Time): POST /users/login
Thu Jan 11 2018 16:13:30 GMT+0200 (South Africa Standard Time): DELETE /users/me/token
Thu Jan 11 2018 16:13:55 GMT+0200 (South Africa Standard Time): GET /users/me
Thu Jan 11 2018 16:14:43 GMT+0200 (South Africa Standard Time): POST /users/login
Thu Jan 11 2018 16:15:11 GMT+0200 (South Africa Standard Time): POST /users
Thu Jan 11 2018 16:15:31 GMT+0200 (South Africa Standard Time): DELETE /users/me/token
Thu Jan 11 2018 16:16:10 GMT+0200 (South Africa Standard Time): GET /
Thu Jan 11 2018 16:17:34 GMT+0200 (South Africa Standard Time): POST /users/login
Thu Jan 11 2018 16:51:02 GMT+0200 (South Africa Standard Time): GET /users/me
Thu Jan 11 2018 16:51:19 GMT+0200 (South Africa Standard Time): POST /users/login
Thu Jan 11 2018 16:51:24 GMT+0200 (South Africa Standard Time): GET /users/me
Thu Jan 11 2018 16:52:18 GMT+0200 (South Africa Standard Time): GET /todos/5a4e1917f9672628f8c28131
Thu Jan 11 2018 16:52:41 GMT+0200 (South Africa Standard Time): POST /todos
Thu Jan 11 2018 16:52:58 GMT+0200 (South Africa Standard Time): GET /todos/5a577a3909724c5754d7e925
Thu Jan 11 2018 16:55:50 GMT+0200 (South Africa Standard Time): GET /users/login
Thu Jan 11 2018 16:55:59 GMT+0200 (South Africa Standard Time): GET /
Thu Jan 11 2018 16:56:43 GMT+0200 (South Africa Standard Time): GET /
Thu Jan 11 2018 16:57:18 GMT+0200 (South Africa Standard Time): POST /users/login
Thu Jan 11 2018 18:52:55 GMT+0200 (South Africa Standard Time): GET /
Thu Jan 11 2018 18:54:14 GMT+0200 (South Africa Standard Time): POST /users/login
Thu Jan 11 2018 19:30:41 GMT+0200 (South Africa Standard Time): GET /
Thu Jan 11 2018 19:31:19 GMT+0200 (South Africa Standard Time): GET /favicon.ico
Thu Jan 11 2018 19:31:50 GMT+0200 (South Africa Standard Time): POST /users/login
Thu Jan 11 2018 20:05:58 GMT+0200 (South Africa Standard Time): GET /
Thu Jan 11 2018 20:06:22 GMT+0200 (South Africa Standard Time): POST /users/login
Thu Jan 11 2018 20:08:05 GMT+0200 (South Africa Standard Time): GET /
Thu Jan 11 2018 20:37:20 GMT+0200 (South Africa Standard Time): GET /
Thu Jan 11 2018 20:42:10 GMT+0200 (South Africa Standard Time): GET /
Thu Jan 11 2018 20:42:35 GMT+0200 (South Africa Standard Time): POST /users/login
Thu Jan 11 2018 20:43:17 GMT+0200 (South Africa Standard Time): GET /
Thu Jan 11 2018 20:44:13 GMT+0200 (South Africa Standard Time): POST /users/login
Thu Jan 11 2018 20:45:25 GMT+0200 (South Africa Standard Time): GET /
Fri Jan 12 2018 13:13:27 GMT+0200 (South Africa Standard Time): GET /
Fri Jan 12 2018 13:13:27 GMT+0200 (South Africa Standard Time): GET /css/style.css
Fri Jan 12 2018 13:13:27 GMT+0200 (South Africa Standard Time): GET /js/script.js
Fri Jan 12 2018 13:14:59 GMT+0200 (South Africa Standard Time): GET /users/login
Fri Jan 12 2018 13:14:59 GMT+0200 (South Africa Standard Time): GET /
Fri Jan 12 2018 13:14:59 GMT+0200 (South Africa Standard Time): GET /css/style.css
Fri Jan 12 2018 13:21:41 GMT+0200 (South Africa Standard Time): GET /
Fri Jan 12 2018 13:21:41 GMT+0200 (South Africa Standard Time): GET /css/style.css
Fri Jan 12 2018 13:21:41 GMT+0200 (South Africa Standard Time): GET /js/script.js
Fri Jan 12 2018 13:21:41 GMT+0200 (South Africa Standard Time): GET /css/style.css
Sat Jan 13 2018 19:37:50 GMT+0200 (South Africa Standard Time): GET /
Sat Jan 13 2018 19:37:50 GMT+0200 (South Africa Standard Time): GET /css/style.css
Sat Jan 13 2018 19:37:50 GMT+0200 (South Africa Standard Time): GET /js/script.js
Sat Jan 13 2018 19:41:27 GMT+0200 (South Africa Standard Time): GET /
Sat Jan 13 2018 19:41:27 GMT+0200 (South Africa Standard Time): GET /css/style.css
Sat Jan 13 2018 19:41:27 GMT+0200 (South Africa Standard Time): GET /public/js/script.js
Sat Jan 13 2018 19:42:29 GMT+0200 (South Africa Standard Time): GET /
Sat Jan 13 2018 19:42:29 GMT+0200 (South Africa Standard Time): GET /css/style.css
Sat Jan 13 2018 19:42:29 GMT+0200 (South Africa Standard Time): GET /public/js/script.js
Sat Jan 13 2018 19:43:51 GMT+0200 (South Africa Standard Time): GET /
Sat Jan 13 2018 19:43:51 GMT+0200 (South Africa Standard Time): GET /css/style.css
Sat Jan 13 2018 19:43:51 GMT+0200 (South Africa Standard Time): GET /public/js/script.js
Sat Jan 13 2018 19:44:32 GMT+0200 (South Africa Standard Time): GET /
Sat Jan 13 2018 19:44:32 GMT+0200 (South Africa Standard Time): GET /css/style.css
Sat Jan 13 2018 19:44:32 GMT+0200 (South Africa Standard Time): GET /public/js/script.js
Sat Jan 13 2018 19:50:25 GMT+0200 (South Africa Standard Time): GET /
Sat Jan 13 2018 19:50:25 GMT+0200 (South Africa Standard Time): GET /css/style.css
Sat Jan 13 2018 19:50:25 GMT+0200 (South Africa Standard Time): GET /public/js/script.js
Sat Jan 13 2018 19:50:54 GMT+0200 (South Africa Standard Time): GET /css/style.css
Sat Jan 13 2018 19:50:54 GMT+0200 (South Africa Standard Time): GET /
Sat Jan 13 2018 19:52:35 GMT+0200 (South Africa Standard Time): GET /
Sat Jan 13 2018 19:52:35 GMT+0200 (South Africa Standard Time): GET /css/style.css
Sat Jan 13 2018 19:52:35 GMT+0200 (South Africa Standard Time): GET /js/script.js
Sat Jan 13 2018 19:52:36 GMT+0200 (South Africa Standard Time): GET /css/style.css
Sat Jan 13 2018 19:54:29 GMT+0200 (South Africa Standard Time): GET /
Sat Jan 13 2018 19:54:30 GMT+0200 (South Africa Standard Time): GET /public/css/style.css
Sat Jan 13 2018 19:54:30 GMT+0200 (South Africa Standard Time): GET /js/script.js
Sat Jan 13 2018 19:54:30 GMT+0200 (South Africa Standard Time): GET /public/css/style.css
Sat Jan 13 2018 19:54:53 GMT+0200 (South Africa Standard Time): GET /
Sat Jan 13 2018 19:54:53 GMT+0200 (South Africa Standard Time): GET /public/css/style.css
Sat Jan 13 2018 19:54:53 GMT+0200 (South Africa Standard Time): GET /js/script.js
Sat Jan 13 2018 19:54:53 GMT+0200 (South Africa Standard Time): GET /public/css/style.css
Sat Jan 13 2018 20:02:26 GMT+0200 (South Africa Standard Time): GET /
Sat Jan 13 2018 20:02:26 GMT+0200 (South Africa Standard Time): GET /css/style.css
Sat Jan 13 2018 20:02:26 GMT+0200 (South Africa Standard Time): GET /js/script.js
Sat Jan 13 2018 20:02:26 GMT+0200 (South Africa Standard Time): GET /css/style.css
Sat Jan 13 2018 20:03:05 GMT+0200 (South Africa Standard Time): GET /
Sat Jan 13 2018 20:03:05 GMT+0200 (South Africa Standard Time): GET /css/style.css
Sat Jan 13 2018 20:03:05 GMT+0200 (South Africa Standard Time): GET /js/script.js
Sat Jan 13 2018 20:03:05 GMT+0200 (South Africa Standard Time): GET /css/style.css
Sat Jan 13 2018 20:04:40 GMT+0200 (South Africa Standard Time): GET /
Sat Jan 13 2018 20:07:29 GMT+0200 (South Africa Standard Time): GET /
Sat Jan 13 2018 20:07:29 GMT+0200 (South Africa Standard Time): GET /js/script.js
Sat Jan 13 2018 20:07:29 GMT+0200 (South Africa Standard Time): GET /css/style.css
Sat Jan 13 2018 20:07:29 GMT+0200 (South Africa Standard Time): GET /css/style.css
Sat Jan 13 2018 21:07:43 GMT+0200 (South Africa Standard Time): GET /
Sat Jan 13 2018 21:07:43 GMT+0200 (South Africa Standard Time): GET /css/style.css
Sat Jan 13 2018 21:07:43 GMT+0200 (South Africa Standard Time): GET /js/script.js
Sat Jan 13 2018 21:07:44 GMT+0200 (South Africa Standard Time): GET /css/style.css
Sat Jan 13 2018 21:44:03 GMT+0200 (South Africa Standard Time): GET /
Sat Jan 13 2018 21:44:03 GMT+0200 (South Africa Standard Time): GET /js/script.js
Sat Jan 13 2018 21:44:03 GMT+0200 (South Africa Standard Time): GET /css/style.css
Sat Jan 13 2018 21:44:03 GMT+0200 (South Africa Standard Time): GET /css/style.css
Sat Jan 13 2018 21:54:57 GMT+0200 (South Africa Standard Time): GET /
Sat Jan 13 2018 21:55:32 GMT+0200 (South Africa Standard Time): GET /
Sat Jan 13 2018 22:17:19 GMT+0200 (South Africa Standard Time): GET /
Sat Jan 13 2018 22:17:19 GMT+0200 (South Africa Standard Time): GET /js/script.js
Sat Jan 13 2018 22:17:19 GMT+0200 (South Africa Standard Time): GET /css/style.css
Sat Jan 13 2018 22:17:19 GMT+0200 (South Africa Standard Time): GET /css/style.css
Sat Jan 13 2018 22:36:14 GMT+0200 (South Africa Standard Time): GET /
Sat Jan 13 2018 22:37:38 GMT+0200 (South Africa Standard Time): GET /
Sat Jan 13 2018 23:03:51 GMT+0200 (South Africa Standard Time): GET /
Sat Jan 13 2018 23:20:45 GMT+0200 (South Africa Standard Time): GET /
Sat Jan 13 2018 23:56:11 GMT+0200 (South Africa Standard Time): GET /
Sun Jan 14 2018 00:01:22 GMT+0200 (South Africa Standard Time): GET /
Sun Jan 14 2018 00:11:39 GMT+0200 (South Africa Standard Time): GET /
Sun Jan 14 2018 00:12:14 GMT+0200 (South Africa Standard Time): GET /
Sun Jan 14 2018 00:12:35 GMT+0200 (South Africa Standard Time): GET /
Sun Jan 14 2018 00:14:32 GMT+0200 (South Africa Standard Time): GET /
Sun Jan 14 2018 00:15:54 GMT+0200 (South Africa Standard Time): GET /
Sun Jan 14 2018 00:16:00 GMT+0200 (South Africa Standard Time): GET /
Sun Jan 14 2018 00:17:39 GMT+0200 (South Africa Standard Time): GET /
Sun Jan 14 2018 00:19:07 GMT+0200 (South Africa Standard Time): GET /
Sun Jan 14 2018 00:19:20 GMT+0200 (South Africa Standard Time): GET /
Sun Jan 14 2018 00:22:34 GMT+0200 (South Africa Standard Time): GET /
Sun Jan 14 2018 00:23:38 GMT+0200 (South Africa Standard Time): GET /
Sun Jan 14 2018 00:24:49 GMT+0200 (South Africa Standard Time): GET /
Sun Jan 14 2018 02:13:34 GMT+0200 (South Africa Standard Time): GET /
Sun Jan 14 2018 02:14:53 GMT+0200 (South Africa Standard Time): GET /
Sun Jan 14 2018 02:14:53 GMT+0200 (South Africa Standard Time): GET /css/style.css
Sun Jan 14 2018 02:14:53 GMT+0200 (South Africa Standard Time): GET /js/script.js
Sun Jan 14 2018 02:14:53 GMT+0200 (South Africa Standard Time): GET /css/style.css
Sun Jan 14 2018 02:19:19 GMT+0200 (South Africa Standard Time): GET /
Sun Jan 14 2018 02:19:19 GMT+0200 (South Africa Standard Time): GET /style.css
Sun Jan 14 2018 02:19:19 GMT+0200 (South Africa Standard Time): GET /script.js
Sun Jan 14 2018 02:19:20 GMT+0200 (South Africa Standard Time): GET /style.css
Sun Jan 14 2018 02:22:04 GMT+0200 (South Africa Standard Time): GET /style.css
Sun Jan 14 2018 02:25:51 GMT+0200 (South Africa Standard Time): GET /
Sun Jan 14 2018 02:25:51 GMT+0200 (South Africa Standard Time): GET /style.css
Sun Jan 14 2018 02:25:51 GMT+0200 (South Africa Standard Time): GET /js/script.js
Sun Jan 14 2018 02:25:51 GMT+0200 (South Africa Standard Time): GET /style.css
Sun Jan 14 2018 02:26:53 GMT+0200 (South Africa Standard Time): GET /
Sun Jan 14 2018 02:26:53 GMT+0200 (South Africa Standard Time): GET /style.css
Sun Jan 14 2018 02:26:53 GMT+0200 (South Africa Standard Time): GET /public/js/script.js
Sun Jan 14 2018 02:26:53 GMT+0200 (South Africa Standard Time): GET /style.css
Sun Jan 14 2018 02:27:05 GMT+0200 (South Africa Standard Time): GET /
Sun Jan 14 2018 02:27:05 GMT+0200 (South Africa Standard Time): GET /style.css
Sun Jan 14 2018 02:27:05 GMT+0200 (South Africa Standard Time): GET /public/js/script.js
Sun Jan 14 2018 02:27:06 GMT+0200 (South Africa Standard Time): GET /style.css
Sun Jan 14 2018 02:45:26 GMT+0200 (South Africa Standard Time): GET /
Sun Jan 14 2018 02:45:26 GMT+0200 (South Africa Standard Time): GET /public/css/style.css
Sun Jan 14 2018 02:45:26 GMT+0200 (South Africa Standard Time): GET /public/js/script.js
Sun Jan 14 2018 02:45:26 GMT+0200 (South Africa Standard Time): GET /public/css/style.css
Sun Jan 14 2018 02:47:49 GMT+0200 (South Africa Standard Time): GET /
Sun Jan 14 2018 02:47:49 GMT+0200 (South Africa Standard Time): GET /public/css/style.css
Sun Jan 14 2018 02:47:49 GMT+0200 (South Africa Standard Time): GET /public/js/script.js
Sun Jan 14 2018 02:48:13 GMT+0200 (South Africa Standard Time): GET /
Sun Jan 14 2018 02:48:13 GMT+0200 (South Africa Standard Time): GET /public/css/style.css
Sun Jan 14 2018 08:32:02 GMT+0200 (South Africa Standard Time): GET /
Sun Jan 14 2018 08:32:02 GMT+0200 (South Africa Standard Time): GET /style.css
Sun Jan 14 2018 08:32:02 GMT+0200 (South Africa Standard Time): GET /script.js
Sun Jan 14 2018 08:35:36 GMT+0200 (South Africa Standard Time): GET /
Sun Jan 14 2018 08:35:37 GMT+0200 (South Africa Standard Time): GET /style.css
Sun Jan 14 2018 08:35:37 GMT+0200 (South Africa Standard Time): GET /script.js
Sun Jan 14 2018 08:35:48 GMT+0200 (South Africa Standard Time): GET /script.js
Sun Jan 14 2018 08:35:48 GMT+0200 (South Africa Standard Time): GET /favicon.ico
Sun Jan 14 2018 08:37:20 GMT+0200 (South Africa Standard Time): GET /style.css
Sun Jan 14 2018 08:40:02 GMT+0200 (South Africa Standard Time): GET /
Sun Jan 14 2018 08:40:02 GMT+0200 (South Africa Standard Time): GET /style.css
Sun Jan 14 2018 08:40:02 GMT+0200 (South Africa Standard Time): GET /script.js
Sun Jan 14 2018 08:40:02 GMT+0200 (South Africa Standard Time): GET /script.js
Sun Jan 14 2018 08:43:16 GMT+0200 (South Africa Standard Time): GET /
Sun Jan 14 2018 08:43:16 GMT+0200 (South Africa Standard Time): GET /css/style.css
Sun Jan 14 2018 08:43:16 GMT+0200 (South Africa Standard Time): GET /js/script.js
Sun Jan 14 2018 08:47:07 GMT+0200 (South Africa Standard Time): GET /
Sun Jan 14 2018 08:47:07 GMT+0200 (South Africa Standard Time): GET /css/style.css
Sun Jan 14 2018 08:47:07 GMT+0200 (South Africa Standard Time): GET /js/script.js
Sun Jan 14 2018 13:55:04 GMT+0200 (South Africa Standard Time): GET /
Sun Jan 14 2018 13:55:04 GMT+0200 (South Africa Standard Time): GET /css/style.css
Sun Jan 14 2018 13:55:04 GMT+0200 (South Africa Standard Time): GET /js/libs/ejs.min.js
Sun Jan 14 2018 13:55:04 GMT+0200 (South Africa Standard Time): GET /js/script.js
Sun Jan 14 2018 13:55:25 GMT+0200 (South Africa Standard Time): GET /
Sun Jan 14 2018 13:55:25 GMT+0200 (South Africa Standard Time): GET /css/style.css
Sun Jan 14 2018 14:00:39 GMT+0200 (South Africa Standard Time): GET /
Sun Jan 14 2018 14:00:39 GMT+0200 (South Africa Standard Time): GET /css/style.css
Sun Jan 14 2018 14:00:39 GMT+0200 (South Africa Standard Time): GET /js/libs/ejs.min.js
Sun Jan 14 2018 14:00:39 GMT+0200 (South Africa Standard Time): GET /js/script.js
Sun Jan 14 2018 14:00:39 GMT+0200 (South Africa Standard Time): GET /css/style.css
Sun Jan 14 2018 14:00:59 GMT+0200 (South Africa Standard Time): GET /
Sun Jan 14 2018 14:00:59 GMT+0200 (South Africa Standard Time): GET /css/style.css
Sun Jan 14 2018 14:00:59 GMT+0200 (South Africa Standard Time): GET /js/libs/ejs.min.js
Sun Jan 14 2018 14:00:59 GMT+0200 (South Africa Standard Time): GET /css/style.css
Sun Jan 14 2018 14:00:59 GMT+0200 (South Africa Standard Time): GET /js/script.js
Sun Jan 14 2018 14:01:01 GMT+0200 (South Africa Standard Time): GET /
Sun Jan 14 2018 14:01:01 GMT+0200 (South Africa Standard Time): GET /css/style.css
Sun Jan 14 2018 14:01:01 GMT+0200 (South Africa Standard Time): GET /js/libs/ejs.min.js
Sun Jan 14 2018 14:01:01 GMT+0200 (South Africa Standard Time): GET /js/script.js
Sun Jan 14 2018 14:01:01 GMT+0200 (South Africa Standard Time): GET /css/style.css
Sun Jan 14 2018 14:03:50 GMT+0200 (South Africa Standard Time): GET /
Sun Jan 14 2018 14:03:50 GMT+0200 (South Africa Standard Time): GET /css/style.css
Sun Jan 14 2018 14:03:50 GMT+0200 (South Africa Standard Time): GET /public/js/libs/ejs.min.js
Sun Jan 14 2018 14:03:50 GMT+0200 (South Africa Standard Time): GET /public/js/script.js
Sun Jan 14 2018 14:03:51 GMT+0200 (South Africa Standard Time): GET /css/style.css
Sun Jan 14 2018 14:04:02 GMT+0200 (South Africa Standard Time): GET /
Sun Jan 14 2018 14:04:03 GMT+0200 (South Africa Standard Time): GET /css/style.css
Sun Jan 14 2018 14:04:03 GMT+0200 (South Africa Standard Time): GET /public/js/libs/ejs.min.js
Sun Jan 14 2018 14:04:03 GMT+0200 (South Africa Standard Time): GET /css/style.css
Sun Jan 14 2018 14:04:03 GMT+0200 (South Africa Standard Time): GET /public/js/script.js
Sun Jan 14 2018 14:09:08 GMT+0200 (South Africa Standard Time): GET /
Sun Jan 14 2018 14:09:08 GMT+0200 (South Africa Standard Time): GET /css/style.css
Sun Jan 14 2018 14:09:08 GMT+0200 (South Africa Standard Time): GET /public/js/libs/ejs.min.js
Sun Jan 14 2018 14:09:08 GMT+0200 (South Africa Standard Time): GET /public/js/script.js
Sun Jan 14 2018 14:10:04 GMT+0200 (South Africa Standard Time): GET /
Sun Jan 14 2018 14:10:04 GMT+0200 (South Africa Standard Time): GET /css/style.css
Sun Jan 14 2018 14:10:04 GMT+0200 (South Africa Standard Time): GET /public/js/libs/ejs.min.js
Sun Jan 14 2018 14:10:04 GMT+0200 (South Africa Standard Time): GET /public/js/script.js
Sun Jan 14 2018 14:16:17 GMT+0200 (South Africa Standard Time): GET /
Sun Jan 14 2018 14:16:17 GMT+0200 (South Africa Standard Time): GET /css/style.css
Sun Jan 14 2018 14:16:17 GMT+0200 (South Africa Standard Time): GET /public/js/libs/ejs.min.js
Sun Jan 14 2018 14:16:17 GMT+0200 (South Africa Standard Time): GET /public/js/script.js
Sun Jan 14 2018 14:32:15 GMT+0200 (South Africa Standard Time): GET /
Sun Jan 14 2018 14:32:15 GMT+0200 (South Africa Standard Time): GET /css/style.css
Sun Jan 14 2018 14:32:15 GMT+0200 (South Africa Standard Time): GET /public/js/libs/ejs.min.js
Sun Jan 14 2018 14:32:15 GMT+0200 (South Africa Standard Time): GET /public/js/script.js
Sun Jan 14 2018 14:32:43 GMT+0200 (South Africa Standard Time): GET /
Sun Jan 14 2018 14:32:43 GMT+0200 (South Africa Standard Time): GET /css/style.css
Sun Jan 14 2018 14:35:32 GMT+0200 (South Africa Standard Time): GET /
Sun Jan 14 2018 14:35:32 GMT+0200 (South Africa Standard Time): GET /css/style.css
Sun Jan 14 2018 14:35:32 GMT+0200 (South Africa Standard Time): GET /public/js/libs/ejs.min.js
Sun Jan 14 2018 14:35:32 GMT+0200 (South Africa Standard Time): GET /public/js/script.js
Sun Jan 14 2018 14:35:33 GMT+0200 (South Africa Standard Time): GET /css/style.css
Sun Jan 14 2018 14:40:10 GMT+0200 (South Africa Standard Time): GET /
Sun Jan 14 2018 14:40:10 GMT+0200 (South Africa Standard Time): GET /css/style.css
Sun Jan 14 2018 14:40:10 GMT+0200 (South Africa Standard Time): GET /public/js/libs/ejs.min.js
Sun Jan 14 2018 14:40:10 GMT+0200 (South Africa Standard Time): GET /public/js/script.js
Sun Jan 14 2018 14:40:10 GMT+0200 (South Africa Standard Time): GET /favicon.ico
Sun Jan 14 2018 14:41:17 GMT+0200 (South Africa Standard Time): GET /
Sun Jan 14 2018 14:41:18 GMT+0200 (South Africa Standard Time): GET /css/style.css
Sun Jan 14 2018 14:41:18 GMT+0200 (South Africa Standard Time): GET /public/js/libs/ejs.min.js
Sun Jan 14 2018 14:41:18 GMT+0200 (South Africa Standard Time): GET /public/js/script.js
Sun Jan 14 2018 14:41:18 GMT+0200 (South Africa Standard Time): GET /favicon.ico
Sun Jan 14 2018 14:55:04 GMT+0200 (South Africa Standard Time): GET /
Sun Jan 14 2018 14:55:59 GMT+0200 (South Africa Standard Time): GET /
Sun Jan 14 2018 14:55:59 GMT+0200 (South Africa Standard Time): GET /css/style.css
Sun Jan 14 2018 14:55:59 GMT+0200 (South Africa Standard Time): GET /js/script.js
Sun Jan 14 2018 14:56:34 GMT+0200 (South Africa Standard Time): GET /css/style.css
Sun Jan 14 2018 14:58:58 GMT+0200 (South Africa Standard Time): GET /
Sun Jan 14 2018 14:58:58 GMT+0200 (South Africa Standard Time): GET /css/style.css
Sun Jan 14 2018 14:58:58 GMT+0200 (South Africa Standard Time): GET /js/script.js
Sun Jan 14 2018 14:58:59 GMT+0200 (South Africa Standard Time): GET /css/style.css
Sun Jan 14 2018 14:59:17 GMT+0200 (South Africa Standard Time): GET /css/style.css
Sun Jan 14 2018 15:00:03 GMT+0200 (South Africa Standard Time): GET /
Sun Jan 14 2018 15:00:03 GMT+0200 (South Africa Standard Time): GET /css/style.css
Sun Jan 14 2018 15:00:03 GMT+0200 (South Africa Standard Time): GET /js/script.js
Sun Jan 14 2018 15:00:04 GMT+0200 (South Africa Standard Time): GET /css/style.css
Sun Jan 14 2018 15:10:46 GMT+0200 (South Africa Standard Time): GET /
Sun Jan 14 2018 15:10:46 GMT+0200 (South Africa Standard Time): GET /css/style.css
Sun Jan 14 2018 15:10:46 GMT+0200 (South Africa Standard Time): GET /js/script.js
Sun Jan 14 2018 15:10:46 GMT+0200 (South Africa Standard Time): GET /js/libs/ejs.min.js
Sun Jan 14 2018 15:10:46 GMT+0200 (South Africa Standard Time): GET /css/style.css
Sun Jan 14 2018 15:12:47 GMT+0200 (South Africa Standard Time): GET /
Sun Jan 14 2018 15:12:47 GMT+0200 (South Africa Standard Time): GET /css/style.css
Sun Jan 14 2018 15:12:47 GMT+0200 (South Africa Standard Time): GET /js/libs/ejs.min.js
Sun Jan 14 2018 15:12:47 GMT+0200 (South Africa Standard Time): GET /js/script.js
Sun Jan 14 2018 15:12:48 GMT+0200 (South Africa Standard Time): GET /css/style.css
Sun Jan 14 2018 16:00:09 GMT+0200 (South Africa Standard Time): POST /saveFileData
Sun Jan 14 2018 16:03:56 GMT+0200 (South Africa Standard Time): POST /saveFileData
Sun Jan 14 2018 16:09:12 GMT+0200 (South Africa Standard Time): POST /saveFileData
Sun Jan 14 2018 16:50:04 GMT+0200 (South Africa Standard Time): POST /saveFileData
Sun Jan 14 2018 16:58:08 GMT+0200 (South Africa Standard Time): POST /saveFileData
Sun Jan 14 2018 17:05:48 GMT+0200 (South Africa Standard Time): POST /saveFileData
Sun Jan 14 2018 17:19:16 GMT+0200 (South Africa Standard Time): POST /saveFileData
Sun Jan 14 2018 17:20:41 GMT+0200 (South Africa Standard Time): POST /saveFileData
Sun Jan 14 2018 17:36:16 GMT+0200 (South Africa Standard Time): POST /saveFileData
Mon Jan 15 2018 13:09:59 GMT+0200 (South Africa Standard Time): POST /saveFileData
Mon Jan 15 2018 13:11:49 GMT+0200 (South Africa Standard Time): POST /saveFileData
Mon Jan 15 2018 14:30:15 GMT+0200 (South Africa Standard Time): POST /saveFileData
Mon Jan 15 2018 14:43:30 GMT+0200 (South Africa Standard Time): POST /saveFileData
Mon Jan 15 2018 15:12:06 GMT+0200 (South Africa Standard Time): POST /saveFileData
Mon Jan 15 2018 15:17:51 GMT+0200 (South Africa Standard Time): POST /saveFileData
Mon Jan 15 2018 15:36:31 GMT+0200 (South Africa Standard Time): POST /saveFileData
Mon Jan 15 2018 15:49:17 GMT+0200 (South Africa Standard Time): POST /saveFileData
Mon Jan 15 2018 15:53:04 GMT+0200 (South Africa Standard Time): POST /saveFileData
Mon Jan 15 2018 16:04:04 GMT+0200 (South Africa Standard Time): POST /saveFileData
Mon Jan 15 2018 16:09:00 GMT+0200 (South Africa Standard Time): POST /saveFileData
Mon Jan 15 2018 16:10:01 GMT+0200 (South Africa Standard Time): POST /saveFileData
Mon Jan 15 2018 16:15:07 GMT+0200 (South Africa Standard Time): POST /saveFileData
Mon Jan 15 2018 16:17:57 GMT+0200 (South Africa Standard Time): POST /saveFileData
Mon Jan 15 2018 16:31:49 GMT+0200 (South Africa Standard Time): POST /saveFileData
Mon Jan 15 2018 16:33:07 GMT+0200 (South Africa Standard Time): POST /saveFileData
Mon Jan 15 2018 16:39:43 GMT+0200 (South Africa Standard Time): POST /saveFileData
Mon Jan 15 2018 16:44:01 GMT+0200 (South Africa Standard Time): POST /saveFileData
Mon Jan 15 2018 16:48:56 GMT+0200 (South Africa Standard Time): POST /saveFileData
Mon Jan 15 2018 16:57:57 GMT+0200 (South Africa Standard Time): POST /saveFileData
Mon Jan 15 2018 16:59:16 GMT+0200 (South Africa Standard Time): POST /saveFileData
Mon Jan 15 2018 17:03:51 GMT+0200 (South Africa Standard Time): POST /saveFileData
Mon Jan 15 2018 21:41:47 GMT+0200 (South Africa Standard Time): POST /saveFileData
Tue Jan 16 2018 13:21:49 GMT+0200 (South Africa Standard Time): POST /saveFileData
Tue Jan 16 2018 13:39:18 GMT+0200 (South Africa Standard Time): POST /saveFileData
Tue Jan 16 2018 13:48:16 GMT+0200 (South Africa Standard Time): POST /saveFileData
Tue Jan 16 2018 18:03:03 GMT+0200 (South Africa Standard Time): POST /saveFileData
Tue Jan 16 2018 18:07:54 GMT+0200 (South Africa Standard Time): POST /saveFileData
Tue Jan 16 2018 18:09:53 GMT+0200 (South Africa Standard Time): POST /saveFileData
Tue Jan 16 2018 18:19:39 GMT+0200 (South Africa Standard Time): POST /saveFileData
Wed Jan 17 2018 22:34:00 GMT+0200 (South Africa Standard Time): POST /saveFileData
Wed Jan 17 2018 22:40:16 GMT+0200 (South Africa Standard Time): POST /saveFileData
Wed Jan 17 2018 22:41:44 GMT+0200 (South Africa Standard Time): POST /saveFileData
Wed Jan 17 2018 22:45:36 GMT+0200 (South Africa Standard Time): POST /saveFileData
Wed Jan 17 2018 22:49:04 GMT+0200 (South Africa Standard Time): POST /saveFileData
Wed Jan 17 2018 22:59:31 GMT+0200 (South Africa Standard Time): POST /saveFileData
Wed Jan 17 2018 23:04:19 GMT+0200 (South Africa Standard Time): POST /saveFileData
Wed Jan 17 2018 23:15:04 GMT+0200 (South Africa Standard Time): POST /saveFileData
Wed Jan 17 2018 23:19:01 GMT+0200 (South Africa Standard Time): POST /saveFileData
Wed Jan 17 2018 23:19:04 GMT+0200 (South Africa Standard Time): POST /saveFileData
Wed Jan 17 2018 23:22:55 GMT+0200 (South Africa Standard Time): POST /saveFileData
Wed Jan 17 2018 23:31:18 GMT+0200 (South Africa Standard Time): POST /saveFileData
Wed Jan 17 2018 23:31:18 GMT+0200 (South Africa Standard Time): POST /saveFileData
Thu Jan 18 2018 08:36:52 GMT+0200 (South Africa Standard Time): POST /saveFileData
Thu Jan 18 2018 09:20:28 GMT+0200 (South Africa Standard Time): POST /saveFileData
Thu Jan 18 2018 09:51:23 GMT+0200 (South Africa Standard Time): POST /saveFileData
Thu Jan 18 2018 09:52:21 GMT+0200 (South Africa Standard Time): POST /saveFileData
Thu Jan 18 2018 09:54:12 GMT+0200 (South Africa Standard Time): POST /saveFileData
Thu Jan 18 2018 11:19:41 GMT+0200 (South Africa Standard Time): POST /saveFileData
Thu Jan 18 2018 11:25:17 GMT+0200 (South Africa Standard Time): POST /saveFileData
Thu Jan 18 2018 11:28:17 GMT+0200 (South Africa Standard Time): POST /saveFileData
Thu Jan 18 2018 11:30:26 GMT+0200 (South Africa Standard Time): POST /saveFileData
Thu Jan 18 2018 11:34:28 GMT+0200 (South Africa Standard Time): POST /saveFileData
Thu Jan 18 2018 11:47:56 GMT+0200 (South Africa Standard Time): POST /saveFileData
Thu Jan 18 2018 11:47:56 GMT+0200 (South Africa Standard Time): POST /saveFileData
Thu Jan 18 2018 12:45:55 GMT+0200 (South Africa Standard Time): POST /saveFileData
Thu Jan 18 2018 15:58:35 GMT+0200 (South Africa Standard Time): POST /saveFileData
Thu Jan 18 2018 16:00:18 GMT+0200 (South Africa Standard Time): POST /saveFileData
Thu Jan 18 2018 16:00:18 GMT+0200 (South Africa Standard Time): POST /saveFileData
Thu Jan 18 2018 16:02:04 GMT+0200 (South Africa Standard Time): POST /saveFileData
Thu Jan 18 2018 16:04:46 GMT+0200 (South Africa Standard Time): POST /saveFileData
Thu Jan 18 2018 16:04:46 GMT+0200 (South Africa Standard Time): POST /saveFileData
Thu Jan 18 2018 16:17:34 GMT+0200 (South Africa Standard Time): POST /saveFileData
Thu Jan 18 2018 16:24:45 GMT+0200 (South Africa Standard Time): POST /saveFileData
Thu Jan 18 2018 16:34:28 GMT+0200 (South Africa Standard Time): POST /saveFileData
Thu Jan 18 2018 16:35:58 GMT+0200 (South Africa Standard Time): POST /saveFileData
Thu Jan 18 2018 16:46:00 GMT+0200 (South Africa Standard Time): POST /saveFileData
Thu Jan 18 2018 18:25:16 GMT+0200 (South Africa Standard Time): POST /saveFileData
Thu Jan 18 2018 18:25:16 GMT+0200 (South Africa Standard Time): POST /saveFileData
Thu Jan 18 2018 18:27:09 GMT+0200 (South Africa Standard Time): POST /saveFileData
Thu Jan 18 2018 18:27:52 GMT+0200 (South Africa Standard Time): POST /saveFileData
Thu Jan 18 2018 18:45:50 GMT+0200 (South Africa Standard Time): POST /saveFileData
Thu Jan 18 2018 19:03:34 GMT+0200 (South Africa Standard Time): POST /saveFileData
Thu Jan 18 2018 19:03:35 GMT+0200 (South Africa Standard Time): POST /saveFileData
Thu Jan 18 2018 19:05:28 GMT+0200 (South Africa Standard Time): POST /saveFileData
Thu Jan 18 2018 19:09:41 GMT+0200 (South Africa Standard Time): POST /saveFileData
Thu Jan 18 2018 19:53:32 GMT+0200 (South Africa Standard Time): POST /saveFileData
Thu Jan 18 2018 19:56:07 GMT+0200 (South Africa Standard Time): POST /saveFileData
Thu Jan 18 2018 20:01:39 GMT+0200 (South Africa Standard Time): POST /saveFileData
Thu Jan 18 2018 20:11:00 GMT+0200 (South Africa Standard Time): POST /saveFileData
Thu Jan 18 2018 20:12:08 GMT+0200 (South Africa Standard Time): POST /saveFileData
Thu Jan 18 2018 20:16:17 GMT+0200 (South Africa Standard Time): POST /saveFileData
Thu Jan 18 2018 20:16:53 GMT+0200 (South Africa Standard Time): POST /saveFileData
Thu Jan 18 2018 20:35:09 GMT+0200 (South Africa Standard Time): POST /saveFileData
Thu Jan 18 2018 20:36:06 GMT+0200 (South Africa Standard Time): POST /saveFileData
Thu Jan 18 2018 20:41:50 GMT+0200 (South Africa Standard Time): POST /saveFileData
Thu Jan 18 2018 20:44:56 GMT+0200 (South Africa Standard Time): POST /saveFileData
Thu Jan 18 2018 20:46:28 GMT+0200 (South Africa Standard Time): POST /saveFileData
Thu Jan 18 2018 20:46:28 GMT+0200 (South Africa Standard Time): POST /saveFileData
Thu Jan 18 2018 20:49:45 GMT+0200 (South Africa Standard Time): POST /saveFileData
Thu Jan 18 2018 20:54:21 GMT+0200 (South Africa Standard Time): POST /saveFileData
Thu Jan 18 2018 20:57:37 GMT+0200 (South Africa Standard Time): POST /saveFileData
Thu Jan 18 2018 21:08:06 GMT+0200 (South Africa Standard Time): POST /saveFileData
Thu Jan 18 2018 21:08:06 GMT+0200 (South Africa Standard Time): POST /saveFileData
Thu Jan 18 2018 21:11:10 GMT+0200 (South Africa Standard Time): POST /saveFileData
Thu Jan 18 2018 21:15:27 GMT+0200 (South Africa Standard Time): POST /saveFileData
Thu Jan 18 2018 21:23:52 GMT+0200 (South Africa Standard Time): POST /saveFileData
Thu Jan 18 2018 21:26:26 GMT+0200 (South Africa Standard Time): POST /saveFileData
Fri Jan 19 2018 17:26:50 GMT+0200 (South Africa Standard Time): POST /saveFileData
Fri Jan 19 2018 17:28:41 GMT+0200 (South Africa Standard Time): POST /saveFileData
Fri Jan 19 2018 17:34:35 GMT+0200 (South Africa Standard Time): POST /saveFileData
Fri Jan 19 2018 17:40:32 GMT+0200 (South Africa Standard Time): POST /saveFileData
Fri Jan 19 2018 18:12:08 GMT+0200 (South Africa Standard Time): POST /saveFileData
Fri Jan 19 2018 18:35:58 GMT+0200 (South Africa Standard Time): POST /saveFileData
Fri Jan 19 2018 18:54:29 GMT+0200 (South Africa Standard Time): POST /saveFileData
Fri Jan 19 2018 18:57:13 GMT+0200 (South Africa Standard Time): POST /saveFileData
Fri Jan 19 2018 19:57:36 GMT+0200 (South Africa Standard Time): POST /saveFileData
Fri Jan 19 2018 21:31:21 GMT+0200 (South Africa Standard Time): POST /saveFileData
Fri Jan 19 2018 21:46:37 GMT+0200 (South Africa Standard Time): POST /saveFileData
Fri Jan 19 2018 21:57:30 GMT+0200 (South Africa Standard Time): POST /saveFileData
Fri Jan 19 2018 22:09:27 GMT+0200 (South Africa Standard Time): POST /saveFileData
Fri Jan 19 2018 22:16:13 GMT+0200 (South Africa Standard Time): POST /saveFileData
Fri Jan 19 2018 22:20:14 GMT+0200 (South Africa Standard Time): POST /saveFileData
Fri Jan 19 2018 22:20:14 GMT+0200 (South Africa Standard Time): POST /saveFileData
Fri Jan 19 2018 22:22:22 GMT+0200 (South Africa Standard Time): POST /saveFileData
Fri Jan 19 2018 22:23:20 GMT+0200 (South Africa Standard Time): POST /saveFileData
Fri Jan 19 2018 22:27:45 GMT+0200 (South Africa Standard Time): POST /saveFileData
Fri Jan 19 2018 22:27:46 GMT+0200 (South Africa Standard Time): POST /saveFileData
Sat Jan 20 2018 00:22:59 GMT+0200 (South Africa Standard Time): POST /saveFileData
Sat Jan 20 2018 00:29:47 GMT+0200 (South Africa Standard Time): POST /saveFileData
Sat Jan 20 2018 00:31:40 GMT+0200 (South Africa Standard Time): POST /saveFileData
Sat Jan 20 2018 08:09:58 GMT+0200 (South Africa Standard Time): POST /saveFileData
Sat Jan 20 2018 08:10:52 GMT+0200 (South Africa Standard Time): POST /saveFileData
Sat Jan 20 2018 08:14:47 GMT+0200 (South Africa Standard Time): POST /saveFileData
Sat Jan 20 2018 08:21:27 GMT+0200 (South Africa Standard Time): POST /saveFileData
Sat Jan 20 2018 08:23:54 GMT+0200 (South Africa Standard Time): POST /saveFileData
Sat Jan 20 2018 08:33:27 GMT+0200 (South Africa Standard Time): POST /saveFileData
Sat Jan 20 2018 08:36:14 GMT+0200 (South Africa Standard Time): POST /saveFileData
Sat Jan 20 2018 08:37:48 GMT+0200 (South Africa Standard Time): POST /saveFileData
Sat Jan 20 2018 08:40:13 GMT+0200 (South Africa Standard Time): POST /saveFileData
Sat Jan 20 2018 08:41:22 GMT+0200 (South Africa Standard Time): POST /saveFileData
Sat Jan 20 2018 08:47:51 GMT+0200 (South Africa Standard Time): POST /saveFileData
Sat Jan 20 2018 08:50:47 GMT+0200 (South Africa Standard Time): POST /saveFileData
Sat Jan 20 2018 08:54:09 GMT+0200 (South Africa Standard Time): POST /saveFileData
Sat Jan 20 2018 08:59:20 GMT+0200 (South Africa Standard Time): POST /saveFileData
Sat Jan 20 2018 09:02:10 GMT+0200 (South Africa Standard Time): POST /saveFileData
Sat Jan 20 2018 09:09:11 GMT+0200 (South Africa Standard Time): POST /saveFileData
Sat Jan 20 2018 09:16:49 GMT+0200 (South Africa Standard Time): POST /saveFileData
Sat Jan 20 2018 10:03:29 GMT+0200 (South Africa Standard Time): POST /saveFileData
Sat Jan 20 2018 10:08:49 GMT+0200 (South Africa Standard Time): POST /saveFileData
Sat Jan 20 2018 11:18:21 GMT+0200 (South Africa Standard Time): POST /saveFileData
Sat Jan 20 2018 11:21:25 GMT+0200 (South Africa Standard Time): POST /saveFileData
Sat Jan 20 2018 11:25:16 GMT+0200 (South Africa Standard Time): POST /saveFileData
Sat Jan 20 2018 11:28:18 GMT+0200 (South Africa Standard Time): POST /saveFileData
Sat Jan 20 2018 11:29:53 GMT+0200 (South Africa Standard Time): POST /saveFileData
Sat Jan 20 2018 11:38:19 GMT+0200 (South Africa Standard Time): POST /saveFileData
Sat Jan 20 2018 11:44:19 GMT+0200 (South Africa Standard Time): POST /saveFileData
Sat Jan 20 2018 12:12:03 GMT+0200 (South Africa Standard Time): POST /saveFileData
Sat Jan 20 2018 12:24:59 GMT+0200 (South Africa Standard Time): POST /saveFileData
Sat Jan 20 2018 12:51:46 GMT+0200 (South Africa Standard Time): POST /saveFileData
Sat Jan 20 2018 12:56:37 GMT+0200 (South Africa Standard Time): POST /saveFileData
Sat Jan 20 2018 13:23:43 GMT+0200 (South Africa Standard Time): POST /saveFileData
Sat Jan 20 2018 18:22:54 GMT+0200 (South Africa Standard Time): POST /saveFileData
Sat Jan 20 2018 18:25:03 GMT+0200 (South Africa Standard Time): POST /saveFileData
Sat Jan 20 2018 18:26:52 GMT+0200 (South Africa Standard Time): POST /saveFileData
Sat Jan 20 2018 18:27:19 GMT+0200 (South Africa Standard Time): POST /saveFileData
Sat Jan 20 2018 18:29:40 GMT+0200 (South Africa Standard Time): POST /saveFileData
Sat Jan 20 2018 18:33:51 GMT+0200 (South Africa Standard Time): POST /saveFileData
Sat Jan 20 2018 18:36:56 GMT+0200 (South Africa Standard Time): POST /saveFileData
Sat Jan 20 2018 18:39:49 GMT+0200 (South Africa Standard Time): POST /saveFileData
Sat Jan 20 2018 18:41:32 GMT+0200 (South Africa Standard Time): POST /saveFileData
Sat Jan 20 2018 18:44:58 GMT+0200 (South Africa Standard Time): POST /saveFileData
Sat Jan 20 2018 18:51:50 GMT+0200 (South Africa Standard Time): POST /saveFileData
Sat Jan 20 2018 20:27:27 GMT+0200 (South Africa Standard Time): POST /saveFileData
Sat Jan 20 2018 20:28:28 GMT+0200 (South Africa Standard Time): POST /saveFileData
Sat Jan 20 2018 20:30:21 GMT+0200 (South Africa Standard Time): POST /saveFileData
Sat Jan 20 2018 20:38:54 GMT+0200 (South Africa Standard Time): POST /saveFileData
Sat Jan 20 2018 20:50:42 GMT+0200 (South Africa Standard Time): POST /saveFileData
Sat Jan 20 2018 20:53:08 GMT+0200 (South Africa Standard Time): POST /saveFileData
Sat Jan 20 2018 21:05:56 GMT+0200 (South Africa Standard Time): POST /saveFileData
Sat Jan 20 2018 21:14:18 GMT+0200 (South Africa Standard Time): POST /saveFileData
Sat Jan 20 2018 21:20:07 GMT+0200 (South Africa Standard Time): POST /saveFileData
Sat Jan 20 2018 21:23:23 GMT+0200 (South Africa Standard Time): POST /saveFileData
Sun Jan 21 2018 00:52:21 GMT+0200 (South Africa Standard Time): POST /saveFileData
Sun Jan 21 2018 01:04:57 GMT+0200 (South Africa Standard Time): POST /saveFileData
Sun Jan 21 2018 01:28:48 GMT+0200 (South Africa Standard Time): POST /saveFileData
Sun Jan 21 2018 01:34:02 GMT+0200 (South Africa Standard Time): POST /saveFileData
Sun Jan 21 2018 01:36:41 GMT+0200 (South Africa Standard Time): POST /saveFileData
Sun Jan 21 2018 02:01:51 GMT+0200 (South Africa Standard Time): POST /saveFileData
Sun Jan 21 2018 02:07:41 GMT+0200 (South Africa Standard Time): POST /saveFileData
Sun Jan 21 2018 02:08:59 GMT+0200 (South Africa Standard Time): POST /saveFileData
Sun Jan 21 2018 12:19:27 GMT+0200 (South Africa Standard Time): POST /saveFileData
Sun Jan 21 2018 12:20:07 GMT+0200 (South Africa Standard Time): POST /saveFileData
Sun Jan 21 2018 12:29:00 GMT+0200 (South Africa Standard Time): POST /saveFileData
Sun Jan 21 2018 13:48:55 GMT+0200 (South Africa Standard Time): POST /saveFileData
Sun Jan 21 2018 13:53:07 GMT+0200 (South Africa Standard Time): POST /saveFileData
Sun Jan 21 2018 13:53:44 GMT+0200 (South Africa Standard Time): POST /saveFileData
Sun Jan 21 2018 14:01:01 GMT+0200 (South Africa Standard Time): POST /saveFileData
Sun Jan 21 2018 14:02:36 GMT+0200 (South Africa Standard Time): POST /saveFileData
Sun Jan 21 2018 14:08:48 GMT+0200 (South Africa Standard Time): POST /saveFileData
Sun Jan 21 2018 14:11:03 GMT+0200 (South Africa Standard Time): POST /saveFileData
Sun Jan 21 2018 14:12:06 GMT+0200 (South Africa Standard Time): POST /saveFileData
Sun Jan 21 2018 14:31:59 GMT+0200 (South Africa Standard Time): POST /saveFileData
Sun Jan 21 2018 14:47:09 GMT+0200 (South Africa Standard Time): POST /saveFileData
Sun Jan 21 2018 14:49:03 GMT+0200 (South Africa Standard Time): POST /saveFileData
Sun Jan 21 2018 14:53:45 GMT+0200 (South Africa Standard Time): POST /saveFileData
Sun Jan 21 2018 14:59:13 GMT+0200 (South Africa Standard Time): POST /saveFileData
Sun Jan 21 2018 19:10:10 GMT+0200 (South Africa Standard Time): POST /saveFileData
Sun Jan 21 2018 19:19:44 GMT+0200 (South Africa Standard Time): POST /saveFileData
Sun Jan 21 2018 19:22:39 GMT+0200 (South Africa Standard Time): POST /saveFileData
Sun Jan 21 2018 19:27:34 GMT+0200 (South Africa Standard Time): POST /saveFileData
Sun Jan 21 2018 19:44:43 GMT+0200 (South Africa Standard Time): POST /saveFileData
Sun Jan 21 2018 19:45:43 GMT+0200 (South Africa Standard Time): POST /saveFileData
Sun Jan 21 2018 20:10:09 GMT+0200 (South Africa Standard Time): POST /saveFileData
Sun Jan 21 2018 20:37:49 GMT+0200 (South Africa Standard Time): POST /saveFileData
Sun Jan 21 2018 20:42:52 GMT+0200 (South Africa Standard Time): POST /saveFileData
Sun Jan 21 2018 20:43:56 GMT+0200 (South Africa Standard Time): POST /saveFileData
Sun Jan 21 2018 20:59:54 GMT+0200 (South Africa Standard Time): POST /saveFileData
Sun Jan 21 2018 21:03:43 GMT+0200 (South Africa Standard Time): POST /saveFileData
Sun Jan 21 2018 21:04:36 GMT+0200 (South Africa Standard Time): POST /saveFileData
Sun Jan 21 2018 21:05:12 GMT+0200 (South Africa Standard Time): POST /saveFileData
Sun Jan 21 2018 21:45:40 GMT+0200 (South Africa Standard Time): POST /saveFileData
Sun Jan 21 2018 21:48:38 GMT+0200 (South Africa Standard Time): POST /saveFileData
Sun Jan 21 2018 21:50:14 GMT+0200 (South Africa Standard Time): POST /saveFileData
Sun Jan 21 2018 21:53:25 GMT+0200 (South Africa Standard Time): POST /saveFileData
Sun Jan 21 2018 21:55:41 GMT+0200 (South Africa Standard Time): POST /saveFileData
Sun Jan 21 2018 22:00:50 GMT+0200 (South Africa Standard Time): POST /saveFileData
Sun Jan 21 2018 22:04:48 GMT+0200 (South Africa Standard Time): POST /saveFileData
Tue Jan 23 2018 10:39:20 GMT+0200 (South Africa Standard Time): POST /saveFileData
Fri Jan 26 2018 20:59:46 GMT+0200 (South Africa Standard Time): POST /saveFileData
Fri Jan 26 2018 21:01:04 GMT+0200 (South Africa Standard Time): POST /saveFileData
Fri Jan 26 2018 21:06:31 GMT+0200 (South Africa Standard Time): POST /saveFileData
Fri Jan 26 2018 21:09:53 GMT+0200 (South Africa Standard Time): POST /saveFileData
Fri Jan 26 2018 21:17:00 GMT+0200 (South Africa Standard Time): POST /saveFileData
Fri Jan 26 2018 22:52:43 GMT+0200 (South Africa Standard Time): POST /saveFileData
Fri Jan 26 2018 23:03:01 GMT+0200 (South Africa Standard Time): POST /saveFileData
Fri Jan 26 2018 23:04:13 GMT+0200 (South Africa Standard Time): POST /saveFileData
Fri Jan 26 2018 23:14:59 GMT+0200 (South Africa Standard Time): POST /saveFileData
Fri Jan 26 2018 23:19:34 GMT+0200 (South Africa Standard Time): POST /saveFileData
Fri Jan 26 2018 23:25:54 GMT+0200 (South Africa Standard Time): POST /saveFileData
Fri Jan 26 2018 23:34:17 GMT+0200 (South Africa Standard Time): POST /saveFileData
Fri Jan 26 2018 23:37:03 GMT+0200 (South Africa Standard Time): POST /saveFileData
Fri Jan 26 2018 23:40:40 GMT+0200 (South Africa Standard Time): POST /saveFileData
Fri Jan 26 2018 23:48:43 GMT+0200 (South Africa Standard Time): POST /saveFileData
Sat Jan 27 2018 08:21:22 GMT+0200 (South Africa Standard Time): POST /saveFileData
Sat Jan 27 2018 08:21:52 GMT+0200 (South Africa Standard Time): POST /saveFileData
Sat Jan 27 2018 09:21:33 GMT+0200 (South Africa Standard Time): POST /saveFileData
Sat Jan 27 2018 09:28:26 GMT+0200 (South Africa Standard Time): POST /saveFileData
Sat Jan 27 2018 11:37:35 GMT+0200 (South Africa Standard Time): POST /saveFileData
Sat Jan 27 2018 12:20:41 GMT+0200 (South Africa Standard Time): POST /saveFileData
Sat Jan 27 2018 13:11:04 GMT+0200 (South Africa Standard Time): POST /saveFileData
Sat Jan 27 2018 13:35:50 GMT+0200 (South Africa Standard Time): POST /saveFileData
Sat Jan 27 2018 13:37:43 GMT+0200 (South Africa Standard Time): POST /saveFileData
Sat Jan 27 2018 13:56:43 GMT+0200 (South Africa Standard Time): POST /saveFileData
Sat Jan 27 2018 14:49:48 GMT+0200 (South Africa Standard Time): POST /saveFileData
Sat Jan 27 2018 15:32:23 GMT+0200 (South Africa Standard Time): POST /saveFileData
Sat Jan 27 2018 15:33:53 GMT+0200 (South Africa Standard Time): POST /saveFileData
Sat Jan 27 2018 15:38:37 GMT+0200 (South Africa Standard Time): POST /saveFileData
Sat Jan 27 2018 15:40:36 GMT+0200 (South Africa Standard Time): POST /saveFileData
Sat Jan 27 2018 15:47:48 GMT+0200 (South Africa Standard Time): POST /saveFileData
Sat Jan 27 2018 16:27:04 GMT+0200 (South Africa Standard Time): POST /saveFileData
Sat Jan 27 2018 16:29:14 GMT+0200 (South Africa Standard Time): POST /saveFileData
Sat Jan 27 2018 16:32:14 GMT+0200 (South Africa Standard Time): POST /saveFileData
Sat Jan 27 2018 16:36:29 GMT+0200 (South Africa Standard Time): POST /saveFileData
Sat Jan 27 2018 16:46:12 GMT+0200 (South Africa Standard Time): POST /saveFileData
Sat Jan 27 2018 16:48:25 GMT+0200 (South Africa Standard Time): POST /saveFileData
Sat Jan 27 2018 16:56:12 GMT+0200 (South Africa Standard Time): POST /saveFileData
Sat Jan 27 2018 17:07:58 GMT+0200 (South Africa Standard Time): POST /saveFileData
